<?xml version="1.0" encoding="UTF-8"?>
<testng-results skipped="0" failed="0" ignored="0" total="5" passed="5">
  <reporter-output>
  </reporter-output>
  <suite name="Surefire suite" duration-ms="73" started-at="2019-05-02T20:30:02 ICT" finished-at="2019-05-02T20:30:02 ICT">
    <groups>
    </groups>
    <test name="Surefire test" duration-ms="73" started-at="2019-05-02T20:30:02 ICT" finished-at="2019-05-02T20:30:02 ICT">
      <class name="com.Kmslearn.Selenium.Test1">
        <test-method status="PASS" signature="beforeClass()[pri:0, instance:com.Kmslearn.Selenium.Test1@7dc7cbad]" name="beforeClass" is-config="true" duration-ms="11" started-at="2019-05-02T20:30:02 ICT" finished-at="2019-05-02T20:30:02 ICT">
          <reporter-output>
          </reporter-output>
        </test-method> <!-- beforeClass -->
        <test-method status="PASS" signature="beforeMethod()[pri:0, instance:com.Kmslearn.Selenium.Test1@7dc7cbad]" name="beforeMethod" is-config="true" duration-ms="2" started-at="2019-05-02T20:30:02 ICT" finished-at="2019-05-02T20:30:02 ICT">
          <reporter-output>
          </reporter-output>
        </test-method> <!-- beforeMethod -->
        <test-method status="PASS" signature="f2(java.lang.Integer, java.lang.String)[pri:0, instance:com.Kmslearn.Selenium.Test1@7dc7cbad]" name="f2" duration-ms="2" started-at="2019-05-02T20:30:02 ICT" data-provider="dp" finished-at="2019-05-02T20:30:02 ICT">
          <params>
            <param index="0">
              <value>
                <![CDATA[1]]>
              </value>
            </param>
            <param index="1">
              <value>
                <![CDATA[a]]>
              </value>
            </param>
          </params>
          <reporter-output>
          </reporter-output>
        </test-method> <!-- f2 -->
        <test-method status="PASS" signature="afterMethod()[pri:0, instance:com.Kmslearn.Selenium.Test1@7dc7cbad]" name="afterMethod" is-config="true" duration-ms="0" started-at="2019-05-02T20:30:02 ICT" finished-at="2019-05-02T20:30:02 ICT">
          <reporter-output>
          </reporter-output>
        </test-method> <!-- afterMethod -->
        <test-method status="PASS" signature="beforeMethod()[pri:0, instance:com.Kmslearn.Selenium.Test1@7dc7cbad]" name="beforeMethod" is-config="true" duration-ms="0" started-at="2019-05-02T20:30:02 ICT" finished-at="2019-05-02T20:30:02 ICT">
          <reporter-output>
          </reporter-output>
        </test-method> <!-- beforeMethod -->
        <test-method status="PASS" signature="afterMethod()[pri:0, instance:com.Kmslearn.Selenium.Test1@7dc7cbad]" name="afterMethod" is-config="true" duration-ms="0" started-at="2019-05-02T20:30:02 ICT" finished-at="2019-05-02T20:30:02 ICT">
          <reporter-output>
          </reporter-output>
        </test-method> <!-- afterMethod -->
        <test-method status="PASS" signature="f5()[pri:0, instance:com.Kmslearn.Selenium.Test1@7dc7cbad]" name="f5" duration-ms="0" started-at="2019-05-02T20:30:02 ICT" finished-at="2019-05-02T20:30:02 ICT">
          <reporter-output>
          </reporter-output>
        </test-method> <!-- f5 -->
        <test-method status="PASS" signature="afterMethod()[pri:0, instance:com.Kmslearn.Selenium.Test1@7dc7cbad]" name="afterMethod" is-config="true" duration-ms="1" started-at="2019-05-02T20:30:02 ICT" finished-at="2019-05-02T20:30:02 ICT">
          <reporter-output>
          </reporter-output>
        </test-method> <!-- afterMethod -->
        <test-method status="PASS" signature="beforeMethod()[pri:0, instance:com.Kmslearn.Selenium.Test1@7dc7cbad]" name="beforeMethod" is-config="true" duration-ms="0" started-at="2019-05-02T20:30:02 ICT" finished-at="2019-05-02T20:30:02 ICT">
          <reporter-output>
          </reporter-output>
        </test-method> <!-- beforeMethod -->
        <test-method status="PASS" signature="$f(java.lang.Integer, java.lang.String)[pri:2, instance:com.Kmslearn.Selenium.Test1@7dc7cbad]" name="$f" duration-ms="0" started-at="2019-05-02T20:30:02 ICT" data-provider="dp" finished-at="2019-05-02T20:30:02 ICT">
          <params>
            <param index="0">
              <value>
                <![CDATA[1]]>
              </value>
            </param>
            <param index="1">
              <value>
                <![CDATA[a]]>
              </value>
            </param>
          </params>
          <reporter-output>
          </reporter-output>
        </test-method> <!-- $f -->
        <test-method status="PASS" signature="afterClass()[pri:0, instance:com.Kmslearn.Selenium.Test1@7dc7cbad]" name="afterClass" is-config="true" duration-ms="0" started-at="2019-05-02T20:30:02 ICT" finished-at="2019-05-02T20:30:02 ICT">
          <reporter-output>
          </reporter-output>
        </test-method> <!-- afterClass -->
      </class> <!-- com.Kmslearn.Selenium.Test1 -->
      <class name="com.Kmslearn.Selenium.Test2">
        <test-method status="PASS" signature="beforeClass()[pri:0, instance:com.Kmslearn.Selenium.Test2@d2cc05a]" name="beforeClass" is-config="true" duration-ms="1" started-at="2019-05-02T20:30:02 ICT" finished-at="2019-05-02T20:30:02 ICT">
          <reporter-output>
          </reporter-output>
        </test-method> <!-- beforeClass -->
        <test-method status="PASS" signature="beforeMethod()[pri:0, instance:com.Kmslearn.Selenium.Test2@d2cc05a]" name="beforeMethod" is-config="true" duration-ms="0" started-at="2019-05-02T20:30:02 ICT" finished-at="2019-05-02T20:30:02 ICT">
          <reporter-output>
          </reporter-output>
        </test-method> <!-- beforeMethod -->
        <test-method status="PASS" signature="f3(java.lang.Integer, java.lang.String)[pri:0, instance:com.Kmslearn.Selenium.Test2@d2cc05a]" name="f3" duration-ms="1" started-at="2019-05-02T20:30:02 ICT" data-provider="dp" finished-at="2019-05-02T20:30:02 ICT">
          <params>
            <param index="0">
              <value>
                <![CDATA[1]]>
              </value>
            </param>
            <param index="1">
              <value>
                <![CDATA[a]]>
              </value>
            </param>
          </params>
          <reporter-output>
          </reporter-output>
        </test-method> <!-- f3 -->
        <test-method status="PASS" signature="afterMethod()[pri:0, instance:com.Kmslearn.Selenium.Test2@d2cc05a]" name="afterMethod" is-config="true" duration-ms="0" started-at="2019-05-02T20:30:02 ICT" finished-at="2019-05-02T20:30:02 ICT">
          <reporter-output>
          </reporter-output>
        </test-method> <!-- afterMethod -->
        <test-method status="PASS" signature="beforeMethod()[pri:0, instance:com.Kmslearn.Selenium.Test2@d2cc05a]" name="beforeMethod" is-config="true" duration-ms="1" started-at="2019-05-02T20:30:02 ICT" finished-at="2019-05-02T20:30:02 ICT">
          <reporter-output>
          </reporter-output>
        </test-method> <!-- beforeMethod -->
        <test-method status="PASS" signature="f4(java.lang.Integer, java.lang.String)[pri:0, instance:com.Kmslearn.Selenium.Test2@d2cc05a]" name="f4" duration-ms="0" started-at="2019-05-02T20:30:02 ICT" data-provider="dp" finished-at="2019-05-02T20:30:02 ICT">
          <params>
            <param index="0">
              <value>
                <![CDATA[1]]>
              </value>
            </param>
            <param index="1">
              <value>
                <![CDATA[a]]>
              </value>
            </param>
          </params>
          <reporter-output>
          </reporter-output>
        </test-method> <!-- f4 -->
        <test-method status="PASS" signature="afterClass()[pri:0, instance:com.Kmslearn.Selenium.Test2@d2cc05a]" name="afterClass" is-config="true" duration-ms="0" started-at="2019-05-02T20:30:02 ICT" finished-at="2019-05-02T20:30:02 ICT">
          <reporter-output>
          </reporter-output>
        </test-method> <!-- afterClass -->
        <test-method status="PASS" signature="afterMethod()[pri:0, instance:com.Kmslearn.Selenium.Test2@d2cc05a]" name="afterMethod" is-config="true" duration-ms="0" started-at="2019-05-02T20:30:02 ICT" finished-at="2019-05-02T20:30:02 ICT">
          <reporter-output>
          </reporter-output>
        </test-method> <!-- afterMethod -->
      </class> <!-- com.Kmslearn.Selenium.Test2 -->
    </test> <!-- Surefire test -->
  </suite> <!-- Surefire suite -->
</testng-results>
