<?xml version="1.0" encoding="UTF-8"?>
<testsuite xmlns:xsi="http://www.w3.org/2001/XMLSchema-instance" xsi:noNamespaceSchemaLocation="https://maven.apache.org/surefire/maven-surefire-plugin/xsd/surefire-test-report-3.0.xsd" version="3.0" name="TestSuite" time="0.686" tests="5" errors="0" skipped="0" failures="0">
  <properties>
[...]
</properties>
  <testcase name="f2" classname="com.Kmslearn.Selenium.Test1" time="0.005"/>
  <testcase name="f5" classname="com.Kmslearn.Selenium.Test1" time="0.001"/>
  <testcase name="$f" classname="com.Kmslearn.Selenium.Test1" time="0.002"/>
  <testcase name="f3" classname="com.Kmslearn.Selenium.Test2" time="0.005"/>
  <testcase name="f4" classname="com.Kmslearn.Selenium.Test2" time="0.005"/>
</testsuite>