<?xml version="1.0" encoding="UTF-8"?>
<testng-results skipped="0" failed="0" ignored="2" total="4" passed="2">
  <reporter-output>
  </reporter-output>
  <suite name="Suite1" duration-ms="19232" started-at="2019-05-06T20:13:32 ICT" finished-at="2019-05-06T20:13:51 ICT">
    <groups>
    </groups>
    <test name="exampletest1" duration-ms="19232" started-at="2019-05-06T20:13:32 ICT" finished-at="2019-05-06T20:13:51 ICT">
      <class name="com.Kmslearn.Selenium.Test3">
        <test-method status="PASS" signature="CheckNote(java.lang.String)[pri:0, instance:com.Kmslearn.Selenium.Test3@21213b92]" name="CheckNote" duration-ms="5683" started-at="2019-05-06T20:13:43 ICT" data-provider="Text input" finished-at="2019-05-06T20:13:49 ICT">
          <params>
            <param index="0">
              <value>
                <![CDATA[This is check noted]]>
              </value>
            </param>
          </params>
          <reporter-output>
          </reporter-output>
        </test-method> <!-- CheckNote -->
      </class> <!-- com.Kmslearn.Selenium.Test3 -->
      <class name="com.Kmslearn.Selenium.Test2">
        <test-method status="PASS" signature="Setbrowers(java.lang.String)[pri:0, instance:com.Kmslearn.Selenium.Test2@71318ec4]" name="Setbrowers" is-config="true" duration-ms="7157" started-at="2019-05-06T20:13:32 ICT" finished-at="2019-05-06T20:13:39 ICT">
          <params>
            <param index="0">
              <value>
                <![CDATA[chrome]]>
              </value>
            </param>
          </params>
          <reporter-output>
          </reporter-output>
        </test-method> <!-- Setbrowers -->
        <test-method status="PASS" signature="Login(java.lang.String, java.lang.String)[pri:0, instance:com.Kmslearn.Selenium.Test2@71318ec4]" name="Login" duration-ms="4343" started-at="2019-05-06T20:13:39 ICT" data-provider="Authentication" finished-at="2019-05-06T20:13:43 ICT">
          <params>
            <param index="0">
              <value>
                <![CDATA[admin@example.com]]>
              </value>
            </param>
            <param index="1">
              <value>
                <![CDATA[admin]]>
              </value>
            </param>
          </params>
          <reporter-output>
          </reporter-output>
        </test-method> <!-- Login -->
        <test-method status="PASS" signature="QuitDriver()[pri:0, instance:com.Kmslearn.Selenium.Test2@71318ec4]" name="QuitDriver" is-config="true" duration-ms="2006" started-at="2019-05-06T20:13:49 ICT" finished-at="2019-05-06T20:13:51 ICT">
          <reporter-output>
          </reporter-output>
        </test-method> <!-- QuitDriver -->
      </class> <!-- com.Kmslearn.Selenium.Test2 -->
    </test> <!-- exampletest1 -->
  </suite> <!-- Suite1 -->
</testng-results>
