<?xml version="1.0" encoding="UTF-8"?>
<!-- Generated by org.testng.reporters.JUnitXMLReporter -->
<testsuite hostname="GHRYFH2" ignored="0" name="Test" tests="6" failures="0" timestamp="2019-05-01T23:57:04 ICT" time="0.073" errors="0">
  <testcase name="f" time="0.004" classname="com.Kmslearn.Selenium.Test1"/>
  <testcase name="f2" time="0.004" classname="com.Kmslearn.Selenium.Test1"/>
  <testcase name="f3" time="0.001" classname="com.Kmslearn.Selenium.Test2"/>
  <testcase name="f4" time="0.001" classname="com.Kmslearn.Selenium.Test2"/>
  <testcase name="f3" time="0.001" classname="com.Kmslearn.Selenium.Test2"/>
  <testcase name="f4" time="0.001" classname="com.Kmslearn.Selenium.Test2"/>
</testsuite> <!-- Test -->
