<?xml version="1.0" encoding="UTF-8"?>
<!-- Generated by org.testng.reporters.JUnitXMLReporter -->
<testsuite hostname="GHRYFH2" ignored="0" name="Surefire test" tests="5" failures="0" timestamp="2019-05-02T20:30:02 ICT" time="0.073" errors="0">
  <testcase name="f2" time="0.002" classname="com.Kmslearn.Selenium.Test1"/>
  <testcase name="f5" time="0.0" classname="com.Kmslearn.Selenium.Test1"/>
  <testcase name="$f" time="0.0" classname="com.Kmslearn.Selenium.Test1"/>
  <testcase name="f3" time="0.001" classname="com.Kmslearn.Selenium.Test2"/>
  <testcase name="f4" time="0.0" classname="com.Kmslearn.Selenium.Test2"/>
</testsuite> <!-- Surefire test -->
