<?xml version="1.0" encoding="UTF-8"?>
<!-- Generated by org.testng.reporters.JUnitXMLReporter -->
<testsuite hostname="GHRYFH2" ignored="2" name="exampletest1" tests="2" failures="0" timestamp="2019-05-06T20:13:51 ICT" time="19.232" errors="0">
  <testcase name="Login" time="4.343" classname="com.Kmslearn.Selenium.Test2"/>
  <testcase name="CheckNote" time="5.683" classname="com.Kmslearn.Selenium.Test3"/>
  <testcase name="@BeforeTest Setbrowers" time="0.0" classname="com.Kmslearn.Selenium.Browser">
    <ignored/>
  </testcase> <!-- @BeforeTest Setbrowers -->
  <testcase name="@AfterTest QuitDriver" time="0.0" classname="com.Kmslearn.Selenium.Browser">
    <ignored/>
  </testcase> <!-- @AfterTest QuitDriver -->
</testsuite> <!-- exampletest1 -->
